<?xml version="1.0" encoding="UTF-8"?>
<!-- Generated by org.testng.reporters.JUnitReportReporter -->
<testsuite hostname="LAPTOP-MRLUE14B" failures="0" tests="1" name="com.runner.RunnerClass" time="13.958" errors="0" timestamp="2022-07-18T16:20:17 IST" skipped="0">
  <testcase classname="com.runner.RunnerClass" name="login" time="13.958"/>
  <system-out/>
</testsuite> <!-- com.runner.RunnerClass -->
