<?xml version="1.0" encoding="UTF-8"?>
<!-- Generated by org.testng.reporters.JUnitReportReporter -->
<testsuite hostname="LAPTOP-MRLUE14B" failures="0" tests="1" name="com.runner.RunnerClass" time="19.649" errors="0" timestamp="2022-07-18T21:22:49 IST" skipped="0">
  <testcase classname="com.runner.RunnerClass" name="login" time="19.649"/>
  <system-out/>
</testsuite> <!-- com.runner.RunnerClass -->
